#
# There is insufficient memory for the Java Runtime Environment to continue.
# Native memory allocation (malloc) failed to allocate 2333776 bytes for Chunk::new
# Possible reasons:
#   The system is out of physical RAM or swap space
#   The process is running with CompressedOops enabled, and the Java Heap may be blocking the growth of the native heap
# Possible solutions:
#   Reduce memory load on the system
#   Increase physical memory or swap space
#   Check if swap backing store is full
#   Decrease Java heap size (-Xmx/-Xms)
#   Decrease number of Java threads
#   Decrease Java thread stack sizes (-Xss)
#   Set larger code cache with -XX:ReservedCodeCacheSize=
#   JVM is running with Unscaled Compressed Oops mode in which the Java heap is
#     placed in the first 4GB address space. The Java Heap base address is the
#     maximum limit for the native heap growth. Please use -XX:HeapBaseMinAddress
#     to set the Java Heap base and to place the Java Heap above 4GB virtual address.
# This output file may be truncated or incomplete.
#
#  Out of Memory Error (./src/hotspot/share/memory/arena.cpp:197), pid=25796, tid=10964
#
# JRE version: OpenJDK Runtime Environment Microsoft-7208460 (11.0.18+10) (build 11.0.18+10-LTS)
# Java VM: OpenJDK 64-Bit Server VM Microsoft-7208460 (11.0.18+10-LTS, mixed mode, tiered, compressed oops, g1 gc, windows-amd64)
# No core dump will be written. Minidumps are not enabled by default on client versions of Windows
#

---------------  S U M M A R Y ------------

Command Line: -XX:MaxMetaspaceSize=512m --add-opens=java.base/java.util=ALL-UNNAMED --add-opens=java.base/java.lang=ALL-UNNAMED --add-opens=java.base/java.lang.invoke=ALL-UNNAMED --add-opens=java.base/java.util=ALL-UNNAMED --add-opens=java.prefs/java.util.prefs=ALL-UNNAMED --add-opens=java.prefs/java.util.prefs=ALL-UNNAMED --add-opens=java.base/java.nio.charset=ALL-UNNAMED --add-opens=java.base/java.net=ALL-UNNAMED --add-opens=java.base/java.util.concurrent.atomic=ALL-UNNAMED -Xmx2048m -Dfile.encoding=windows-1252 -Duser.country=IN -Duser.language=en -Duser.variant org.gradle.launcher.daemon.bootstrap.GradleDaemon 7.5.1

Host: 11th Gen Intel(R) Core(TM) i5-11320H @ 3.20GHz, 8 cores, 15G,  Windows 11 , 64 bit Build 22621 (10.0.22621.2428)
Time: Sun Nov 19 20:20:41 2023 India Standard Time elapsed time: 36.409580 seconds (0d 0h 0m 36s)

---------------  T H R E A D  ---------------

Current thread (0x0000026d96f0f800):  JavaThread "C2 CompilerThread0" daemon [_thread_in_native, id=10964, stack(0x000000ec3a600000,0x000000ec3a700000)]


Current CompileTask:
C2:  36409 4329       4       org.gradle.internal.service.DefaultServiceRegistry$OwnServices::getService (309 bytes)

Stack: [0x000000ec3a600000,0x000000ec3a700000]
Native frames: (J=compiled Java code, j=interpreted, Vv=VM code, C=native code)
V  [jvm.dll+0x62bf8a]
V  [jvm.dll+0x7b8fb9]
V  [jvm.dll+0x7ba6a8]
V  [jvm.dll+0x7bad83]
V  [jvm.dll+0x250248]
V  [jvm.dll+0xc260c]
V  [jvm.dll+0xc2bcc]
V  [jvm.dll+0x35e182]
V  [jvm.dll+0x19ebe9]
V  [jvm.dll+0x209495]
V  [jvm.dll+0x20850d]
V  [jvm.dll+0x18a4b1]
V  [jvm.dll+0x217eec]
V  [jvm.dll+0x21612b]
V  [jvm.dll+0x77bac0]
V  [jvm.dll+0x7749f4]
V  [jvm.dll+0x62adf5]
C  [ucrtbase.dll+0x29363]
C  [KERNEL32.DLL+0x1257d]
C  [ntdll.dll+0x5aa78]


---------------  P R O C E S S  ---------------

Threads class SMR info:
_java_thread_list=0x0000026d973915d0, length=40, elements={
0x0000026df7520000, 0x0000026d96ea7000, 0x0000026d96eb0000, 0x0000026d96f07800,
0x0000026d96f08800, 0x0000026d96f09800, 0x0000026d96f0f800, 0x0000026d96f11000,
0x0000026d96f28000, 0x0000026d97080000, 0x0000026d98878800, 0x0000026d9876a000,
0x0000026d971eb800, 0x0000026d98357000, 0x0000026d97b8f800, 0x0000026d97e2f800,
0x0000026d97e30000, 0x0000026d991f2000, 0x0000026d97fdd000, 0x0000026d98422800,
0x0000026d9749d000, 0x0000026d97498000, 0x0000026d9749b800, 0x0000026d97499000,
0x0000026d9749e000, 0x0000026d9749c800, 0x0000026d9749f000, 0x0000026d9749a000,
0x0000026d9749a800, 0x0000026d9b850000, 0x0000026d9b84d000, 0x0000026d9b84a800,
0x0000026d9b84d800, 0x0000026d9b84e800, 0x0000026d9b851000, 0x0000026d9b84b000,
0x0000026d9b851800, 0x0000026d9b84c000, 0x0000026d9b855000, 0x0000026d9b852800
}

Java Threads: ( => current thread )
  0x0000026df7520000 JavaThread "main" [_thread_blocked, id=20404, stack(0x000000ec39a00000,0x000000ec39b00000)]
  0x0000026d96ea7000 JavaThread "Reference Handler" daemon [_thread_blocked, id=30424, stack(0x000000ec3a100000,0x000000ec3a200000)]
  0x0000026d96eb0000 JavaThread "Finalizer" daemon [_thread_blocked, id=24700, stack(0x000000ec3a200000,0x000000ec3a300000)]
  0x0000026d96f07800 JavaThread "Signal Dispatcher" daemon [_thread_blocked, id=2932, stack(0x000000ec3a300000,0x000000ec3a400000)]
  0x0000026d96f08800 JavaThread "Attach Listener" daemon [_thread_blocked, id=34604, stack(0x000000ec3a400000,0x000000ec3a500000)]
  0x0000026d96f09800 JavaThread "Service Thread" daemon [_thread_blocked, id=27564, stack(0x000000ec3a500000,0x000000ec3a600000)]
=>0x0000026d96f0f800 JavaThread "C2 CompilerThread0" daemon [_thread_in_native, id=10964, stack(0x000000ec3a600000,0x000000ec3a700000)]
  0x0000026d96f11000 JavaThread "C1 CompilerThread0" daemon [_thread_blocked, id=18996, stack(0x000000ec3a700000,0x000000ec3a800000)]
  0x0000026d96f28000 JavaThread "Sweeper thread" daemon [_thread_blocked, id=20468, stack(0x000000ec3a800000,0x000000ec3a900000)]
  0x0000026d97080000 JavaThread "Common-Cleaner" daemon [_thread_blocked, id=22012, stack(0x000000ec3a900000,0x000000ec3aa00000)]
  0x0000026d98878800 JavaThread "Daemon health stats" [_thread_blocked, id=19800, stack(0x000000ec3ab00000,0x000000ec3ac00000)]
  0x0000026d9876a000 JavaThread "Incoming local TCP Connector on port 58889" [_thread_in_native, id=14820, stack(0x000000ec3b100000,0x000000ec3b200000)]
  0x0000026d971eb800 JavaThread "Daemon periodic checks" [_thread_blocked, id=33008, stack(0x000000ec3b200000,0x000000ec3b300000)]
  0x0000026d98357000 JavaThread "Daemon" [_thread_blocked, id=17320, stack(0x000000ec3b300000,0x000000ec3b400000)]
  0x0000026d97b8f800 JavaThread "Handler for socket connection from /127.0.0.1:58889 to /127.0.0.1:58890" [_thread_in_native, id=20864, stack(0x000000ec3b400000,0x000000ec3b500000)]
  0x0000026d97e2f800 JavaThread "Cancel handler" [_thread_blocked, id=29240, stack(0x000000ec3b500000,0x000000ec3b600000)]
  0x0000026d97e30000 JavaThread "Daemon worker" [_thread_in_native, id=25288, stack(0x000000ec3b600000,0x000000ec3b700000)]
  0x0000026d991f2000 JavaThread "Asynchronous log dispatcher for DefaultDaemonConnection: socket connection from /127.0.0.1:58889 to /127.0.0.1:58890" [_thread_blocked, id=17712, stack(0x000000ec3b700000,0x000000ec3b800000)]
  0x0000026d97fdd000 JavaThread "Stdin handler" [_thread_blocked, id=21836, stack(0x000000ec3b800000,0x000000ec3b900000)]
  0x0000026d98422800 JavaThread "Daemon client event forwarder" [_thread_blocked, id=27820, stack(0x000000ec3b900000,0x000000ec3ba00000)]
  0x0000026d9749d000 JavaThread "Cache worker for journal cache (C:\Users\updap\.gradle\caches\journal-1)" [_thread_blocked, id=13504, stack(0x000000ec3ba00000,0x000000ec3bb00000)]
  0x0000026d97498000 JavaThread "File lock request listener" [_thread_in_native, id=10084, stack(0x000000ec3bb00000,0x000000ec3bc00000)]
  0x0000026d9749b800 JavaThread "Cache worker for file hash cache (C:\Users\updap\.gradle\caches\7.5.1\fileHashes)" [_thread_blocked, id=10088, stack(0x000000ec3bc00000,0x000000ec3bd00000)]
  0x0000026d97499000 JavaThread "File watcher server" daemon [_thread_in_native, id=29608, stack(0x000000ec3c200000,0x000000ec3c300000)]
  0x0000026d9749e000 JavaThread "File watcher consumer" daemon [_thread_blocked, id=17028, stack(0x000000ec3c300000,0x000000ec3c400000)]
  0x0000026d9749c800 JavaThread "Cache worker for checksums cache (D:\My-personal\vym-mobile-app\FacebookClone\android\.gradle\7.5.1\checksums)" [_thread_blocked, id=33032, stack(0x000000ec3c400000,0x000000ec3c500000)]
  0x0000026d9749f000 JavaThread "Cache worker for cache directory md-rule (C:\Users\updap\.gradle\caches\7.5.1\md-rule)" [_thread_blocked, id=23988, stack(0x000000ec3c500000,0x000000ec3c600000)]
  0x0000026d9749a000 JavaThread "Cache worker for file content cache (C:\Users\updap\.gradle\caches\7.5.1\fileContent)" [_thread_blocked, id=12424, stack(0x000000ec3c100000,0x000000ec3c200000)]
  0x0000026d9749a800 JavaThread "Cache worker for file hash cache (D:\My-personal\vym-mobile-app\FacebookClone\android\.gradle\7.5.1\fileHashes)" [_thread_blocked, id=9240, stack(0x000000ec3c600000,0x000000ec3c700000)]
  0x0000026d9b850000 JavaThread "Cache worker for cache directory md-supplier (C:\Users\updap\.gradle\caches\7.5.1\md-supplier)" [_thread_blocked, id=28724, stack(0x000000ec3c700000,0x000000ec3c800000)]
  0x0000026d9b84d000 JavaThread "Cache worker for execution history cache (C:\Users\updap\.gradle\caches\7.5.1\executionHistory)" [_thread_blocked, id=3588, stack(0x000000ec3c800000,0x000000ec3c900000)]
  0x0000026d9b84a800 JavaThread "jar transforms" [_thread_blocked, id=15504, stack(0x000000ec3c900000,0x000000ec3ca00000)]
  0x0000026d9b84d800 JavaThread "jar transforms Thread 2" [_thread_blocked, id=15632, stack(0x000000ec3ca00000,0x000000ec3cb00000)]
  0x0000026d9b84e800 JavaThread "jar transforms Thread 3" [_thread_blocked, id=21912, stack(0x000000ec3c000000,0x000000ec3c100000)]
  0x0000026d9b851000 JavaThread "jar transforms Thread 4" [_thread_blocked, id=25224, stack(0x000000ec3cb00000,0x000000ec3cc00000)]
  0x0000026d9b84b000 JavaThread "Cache worker for kotlin-dsl (C:\Users\updap\.gradle\caches\7.5.1\kotlin-dsl)" [_thread_blocked, id=24452, stack(0x000000ec3cc00000,0x000000ec3cd00000)]
  0x0000026d9b851800 JavaThread "jar transforms Thread 5" [_thread_blocked, id=3468, stack(0x000000ec3cd00000,0x000000ec3ce00000)]
  0x0000026d9b84c000 JavaThread "jar transforms Thread 6" [_thread_blocked, id=15688, stack(0x000000ec39800000,0x000000ec39900000)]
  0x0000026d9b855000 JavaThread "Cache worker for dependencies-accessors (D:\My-personal\vym-mobile-app\FacebookClone\android\.gradle\7.5.1\dependencies-accessors)" [_thread_blocked, id=16156, stack(0x000000ec3ce00000,0x000000ec3cf00000)]
  0x0000026d9b852800 JavaThread "Cache worker for Build Output Cleanup Cache (D:\My-personal\vym-mobile-app\FacebookClone\node_modules\react-native-gradle-plugin\.gradle\buildOutputCleanup)" [_thread_blocked, id=17944, stack(0x000000ec3d100000,0x000000ec3d200000)]

Other Threads:
  0x0000026d96ea3800 VMThread "VM Thread" [stack: 0x000000ec3a000000,0x000000ec3a100000] [id=24204]
  0x0000026d970bb800 WatcherThread [stack: 0x000000ec3aa00000,0x000000ec3ab00000] [id=18508]
  0x0000026df753b800 GCTaskThread "GC Thread#0" [stack: 0x000000ec39b00000,0x000000ec39c00000] [id=6760]
  0x0000026d9838c000 GCTaskThread "GC Thread#1" [stack: 0x000000ec3ac00000,0x000000ec3ad00000] [id=2196]
  0x0000026d9838c800 GCTaskThread "GC Thread#2" [stack: 0x000000ec3ad00000,0x000000ec3ae00000] [id=112]
  0x0000026d980aa800 GCTaskThread "GC Thread#3" [stack: 0x000000ec3ae00000,0x000000ec3af00000] [id=10492]
  0x0000026d980ab000 GCTaskThread "GC Thread#4" [stack: 0x000000ec3af00000,0x000000ec3b000000] [id=21592]
  0x0000026d98123000 GCTaskThread "GC Thread#5" [stack: 0x000000ec3b000000,0x000000ec3b100000] [id=13948]
  0x0000026d97e99800 GCTaskThread "GC Thread#6" [stack: 0x000000ec3bd00000,0x000000ec3be00000] [id=3992]
  0x0000026d97fdc000 GCTaskThread "GC Thread#7" [stack: 0x000000ec3be00000,0x000000ec3bf00000] [id=1324]
  0x0000026df756d800 ConcurrentGCThread "G1 Main Marker" [stack: 0x000000ec39c00000,0x000000ec39d00000] [id=32080]
  0x0000026df756f000 ConcurrentGCThread "G1 Conc#0" [stack: 0x000000ec39d00000,0x000000ec39e00000] [id=17836]
  0x0000026d97eed000 ConcurrentGCThread "G1 Conc#1" [stack: 0x000000ec3bf00000,0x000000ec3c000000] [id=31508]
  0x0000026d9650e800 ConcurrentGCThread "G1 Refine#0" [stack: 0x000000ec39e00000,0x000000ec39f00000] [id=19292]
  0x0000026d96510800 ConcurrentGCThread "G1 Young RemSet Sampling" [stack: 0x000000ec39f00000,0x000000ec3a000000] [id=2092]

Threads with active compile tasks:
C2 CompilerThread0    36433 4329       4       org.gradle.internal.service.DefaultServiceRegistry$OwnServices::getService (309 bytes)

VM state:not at safepoint (normal execution)

VM Mutex/Monitor currently owned by a thread: None

Heap address: 0x0000000080000000, size: 2048 MB, Compressed Oops mode: 32-bit
Narrow klass base: 0x0000000000000000, Narrow klass shift: 3
Compressed class space size: 528482304 Address: 0x0000000100000000

Heap:
 garbage-first heap   total 260096K, used 83095K [0x0000000080000000, 0x0000000100000000)
  region size 1024K, 66 young (67584K), 13 survivors (13312K)
 Metaspace       used 47511K, capacity 48774K, committed 48976K, reserved 559104K
  class space    used 6101K, capacity 6614K, committed 6656K, reserved 516096K
Heap Regions: E=young(eden), S=young(survivor), O=old, HS=humongous(starts), HC=humongous(continues), CS=collection set, F=free, A=archive, TAMS=top-at-mark-start (previous, next)
|   0|0x0000000080000000, 0x0000000080100000, 0x0000000080100000|100%| O|  |TAMS 0x0000000080100000, 0x0000000080000000| Untracked 
|   1|0x0000000080100000, 0x0000000080200000, 0x0000000080200000|100%| O|  |TAMS 0x0000000080200000, 0x0000000080100000| Untracked 
|   2|0x0000000080200000, 0x0000000080300000, 0x0000000080300000|100%| O|  |TAMS 0x0000000080300000, 0x0000000080200000| Untracked 
|   3|0x0000000080300000, 0x0000000080400000, 0x0000000080400000|100%|HS|  |TAMS 0x0000000080400000, 0x0000000080300000| Complete 
|   4|0x0000000080400000, 0x0000000080500000, 0x0000000080500000|100%|HC|  |TAMS 0x0000000080500000, 0x0000000080400000| Complete 
|   5|0x0000000080500000, 0x0000000080600000, 0x0000000080600000|100%|HC|  |TAMS 0x0000000080600000, 0x0000000080500000| Complete 
|   6|0x0000000080600000, 0x0000000080700000, 0x0000000080700000|100%| O|  |TAMS 0x0000000080700000, 0x0000000080600000| Untracked 
|   7|0x0000000080700000, 0x0000000080800000, 0x0000000080800000|100%| O|  |TAMS 0x0000000080800000, 0x0000000080700000| Untracked 
|   8|0x0000000080800000, 0x0000000080900000, 0x0000000080900000|100%| O|  |TAMS 0x0000000080900000, 0x0000000080800000| Untracked 
|   9|0x0000000080900000, 0x0000000080a00000, 0x0000000080a00000|100%| O|  |TAMS 0x0000000080a00000, 0x0000000080900000| Untracked 
|  10|0x0000000080a00000, 0x0000000080b00000, 0x0000000080b00000|100%| O|  |TAMS 0x0000000080b00000, 0x0000000080a00000| Untracked 
|  11|0x0000000080b00000, 0x0000000080c00000, 0x0000000080c00000|100%| O|  |TAMS 0x0000000080c00000, 0x0000000080b00000| Untracked 
|  12|0x0000000080c00000, 0x0000000080d00000, 0x0000000080d00000|100%| O|  |TAMS 0x0000000080d00000, 0x0000000080c00000| Untracked 
|  13|0x0000000080d00000, 0x0000000080e00000, 0x0000000080e00000|100%| O|  |TAMS 0x0000000080e00000, 0x0000000080d00000| Untracked 
|  14|0x0000000080e00000, 0x0000000080f00000, 0x0000000080f00000|100%| O|  |TAMS 0x0000000080f00000, 0x0000000080e00000| Untracked 
|  15|0x0000000080f00000, 0x0000000081000000, 0x0000000081000000|100%| O|  |TAMS 0x0000000081000000, 0x0000000080f00000| Untracked 
|  16|0x0000000081000000, 0x0000000081041800, 0x0000000081100000| 25%| O|  |TAMS 0x0000000081041800, 0x0000000081000000| Untracked 
|  17|0x0000000081100000, 0x0000000081100000, 0x0000000081200000|  0%| F|  |TAMS 0x0000000081100000, 0x0000000081100000| Untracked 
|  18|0x0000000081200000, 0x0000000081200000, 0x0000000081300000|  0%| F|  |TAMS 0x0000000081200000, 0x0000000081200000| Untracked 
|  19|0x0000000081300000, 0x0000000081300000, 0x0000000081400000|  0%| F|  |TAMS 0x0000000081300000, 0x0000000081300000| Untracked 
|  20|0x0000000081400000, 0x0000000081400000, 0x0000000081500000|  0%| F|  |TAMS 0x0000000081400000, 0x0000000081400000| Untracked 
|  21|0x0000000081500000, 0x0000000081500000, 0x0000000081600000|  0%| F|  |TAMS 0x0000000081500000, 0x0000000081500000| Untracked 
|  22|0x0000000081600000, 0x0000000081600000, 0x0000000081700000|  0%| F|  |TAMS 0x0000000081600000, 0x0000000081600000| Untracked 
|  23|0x0000000081700000, 0x0000000081700000, 0x0000000081800000|  0%| F|  |TAMS 0x0000000081700000, 0x0000000081700000| Untracked 
|  24|0x0000000081800000, 0x0000000081800000, 0x0000000081900000|  0%| F|  |TAMS 0x0000000081800000, 0x0000000081800000| Untracked 
|  25|0x0000000081900000, 0x0000000081900000, 0x0000000081a00000|  0%| F|  |TAMS 0x0000000081900000, 0x0000000081900000| Untracked 
|  26|0x0000000081a00000, 0x0000000081a00000, 0x0000000081b00000|  0%| F|  |TAMS 0x0000000081a00000, 0x0000000081a00000| Untracked 
|  27|0x0000000081b00000, 0x0000000081b00000, 0x0000000081c00000|  0%| F|  |TAMS 0x0000000081b00000, 0x0000000081b00000| Untracked 
|  28|0x0000000081c00000, 0x0000000081c00000, 0x0000000081d00000|  0%| F|  |TAMS 0x0000000081c00000, 0x0000000081c00000| Untracked 
|  29|0x0000000081d00000, 0x0000000081d00000, 0x0000000081e00000|  0%| F|  |TAMS 0x0000000081d00000, 0x0000000081d00000| Untracked 
|  30|0x0000000081e00000, 0x0000000081e00000, 0x0000000081f00000|  0%| F|  |TAMS 0x0000000081e00000, 0x0000000081e00000| Untracked 
|  31|0x0000000081f00000, 0x0000000081f00000, 0x0000000082000000|  0%| F|  |TAMS 0x0000000081f00000, 0x0000000081f00000| Untracked 
|  32|0x0000000082000000, 0x0000000082000000, 0x0000000082100000|  0%| F|  |TAMS 0x0000000082000000, 0x0000000082000000| Untracked 
|  33|0x0000000082100000, 0x0000000082100000, 0x0000000082200000|  0%| F|  |TAMS 0x0000000082100000, 0x0000000082100000| Untracked 
|  34|0x0000000082200000, 0x0000000082200000, 0x0000000082300000|  0%| F|  |TAMS 0x0000000082200000, 0x0000000082200000| Untracked 
|  35|0x0000000082300000, 0x0000000082300000, 0x0000000082400000|  0%| F|  |TAMS 0x0000000082300000, 0x0000000082300000| Untracked 
|  36|0x0000000082400000, 0x0000000082400000, 0x0000000082500000|  0%| F|  |TAMS 0x0000000082400000, 0x0000000082400000| Untracked 
|  37|0x0000000082500000, 0x0000000082500000, 0x0000000082600000|  0%| F|  |TAMS 0x0000000082500000, 0x0000000082500000| Untracked 
|  38|0x0000000082600000, 0x0000000082600000, 0x0000000082700000|  0%| F|  |TAMS 0x0000000082600000, 0x0000000082600000| Untracked 
|  39|0x0000000082700000, 0x0000000082700000, 0x0000000082800000|  0%| F|  |TAMS 0x0000000082700000, 0x0000000082700000| Untracked 
|  40|0x0000000082800000, 0x0000000082800000, 0x0000000082900000|  0%| F|  |TAMS 0x0000000082800000, 0x0000000082800000| Untracked 
|  41|0x0000000082900000, 0x0000000082900000, 0x0000000082a00000|  0%| F|  |TAMS 0x0000000082900000, 0x0000000082900000| Untracked 
|  42|0x0000000082a00000, 0x0000000082a00000, 0x0000000082b00000|  0%| F|  |TAMS 0x0000000082a00000, 0x0000000082a00000| Untracked 
|  43|0x0000000082b00000, 0x0000000082b00000, 0x0000000082c00000|  0%| F|  |TAMS 0x0000000082b00000, 0x0000000082b00000| Untracked 
|  44|0x0000000082c00000, 0x0000000082c00000, 0x0000000082d00000|  0%| F|  |TAMS 0x0000000082c00000, 0x0000000082c00000| Untracked 
|  45|0x0000000082d00000, 0x0000000082d00000, 0x0000000082e00000|  0%| F|  |TAMS 0x0000000082d00000, 0x0000000082d00000| Untracked 
|  46|0x0000000082e00000, 0x0000000082e00000, 0x0000000082f00000|  0%| F|  |TAMS 0x0000000082e00000, 0x0000000082e00000| Untracked 
|  47|0x0000000082f00000, 0x0000000082f00000, 0x0000000083000000|  0%| F|  |TAMS 0x0000000082f00000, 0x0000000082f00000| Untracked 
|  48|0x0000000083000000, 0x0000000083000000, 0x0000000083100000|  0%| F|  |TAMS 0x0000000083000000, 0x0000000083000000| Untracked 
|  49|0x0000000083100000, 0x0000000083100000, 0x0000000083200000|  0%| F|  |TAMS 0x0000000083100000, 0x0000000083100000| Untracked 
|  50|0x0000000083200000, 0x0000000083200000, 0x0000000083300000|  0%| F|  |TAMS 0x0000000083200000, 0x0000000083200000| Untracked 
|  51|0x0000000083300000, 0x0000000083300000, 0x0000000083400000|  0%| F|  |TAMS 0x0000000083300000, 0x0000000083300000| Untracked 
|  52|0x0000000083400000, 0x0000000083400000, 0x0000000083500000|  0%| F|  |TAMS 0x0000000083400000, 0x0000000083400000| Untracked 
|  53|0x0000000083500000, 0x0000000083500000, 0x0000000083600000|  0%| F|  |TAMS 0x0000000083500000, 0x0000000083500000| Untracked 
|  54|0x0000000083600000, 0x0000000083600000, 0x0000000083700000|  0%| F|  |TAMS 0x0000000083600000, 0x0000000083600000| Untracked 
|  55|0x0000000083700000, 0x0000000083700000, 0x0000000083800000|  0%| F|  |TAMS 0x0000000083700000, 0x0000000083700000| Untracked 
|  56|0x0000000083800000, 0x0000000083800000, 0x0000000083900000|  0%| F|  |TAMS 0x0000000083800000, 0x0000000083800000| Untracked 
|  57|0x0000000083900000, 0x0000000083900000, 0x0000000083a00000|  0%| F|  |TAMS 0x0000000083900000, 0x0000000083900000| Untracked 
|  58|0x0000000083a00000, 0x0000000083a00000, 0x0000000083b00000|  0%| F|  |TAMS 0x0000000083a00000, 0x0000000083a00000| Untracked 
|  59|0x0000000083b00000, 0x0000000083b00000, 0x0000000083c00000|  0%| F|  |TAMS 0x0000000083b00000, 0x0000000083b00000| Untracked 
|  60|0x0000000083c00000, 0x0000000083c00000, 0x0000000083d00000|  0%| F|  |TAMS 0x0000000083c00000, 0x0000000083c00000| Untracked 
|  61|0x0000000083d00000, 0x0000000083d00000, 0x0000000083e00000|  0%| F|  |TAMS 0x0000000083d00000, 0x0000000083d00000| Untracked 
|  62|0x0000000083e00000, 0x0000000083e00000, 0x0000000083f00000|  0%| F|  |TAMS 0x0000000083e00000, 0x0000000083e00000| Untracked 
|  63|0x0000000083f00000, 0x0000000083f00000, 0x0000000084000000|  0%| F|  |TAMS 0x0000000083f00000, 0x0000000083f00000| Untracked 
|  64|0x0000000084000000, 0x0000000084000000, 0x0000000084100000|  0%| F|  |TAMS 0x0000000084000000, 0x0000000084000000| Untracked 
|  65|0x0000000084100000, 0x0000000084100000, 0x0000000084200000|  0%| F|  |TAMS 0x0000000084100000, 0x0000000084100000| Untracked 
|  66|0x0000000084200000, 0x0000000084200000, 0x0000000084300000|  0%| F|  |TAMS 0x0000000084200000, 0x0000000084200000| Untracked 
|  67|0x0000000084300000, 0x0000000084300000, 0x0000000084400000|  0%| F|  |TAMS 0x0000000084300000, 0x0000000084300000| Untracked 
|  68|0x0000000084400000, 0x0000000084400000, 0x0000000084500000|  0%| F|  |TAMS 0x0000000084400000, 0x0000000084400000| Untracked 
|  69|0x0000000084500000, 0x0000000084500000, 0x0000000084600000|  0%| F|  |TAMS 0x0000000084500000, 0x0000000084500000| Untracked 
|  70|0x0000000084600000, 0x0000000084600000, 0x0000000084700000|  0%| F|  |TAMS 0x0000000084600000, 0x0000000084600000| Untracked 
|  71|0x0000000084700000, 0x0000000084700000, 0x0000000084800000|  0%| F|  |TAMS 0x0000000084700000, 0x0000000084700000| Untracked 
|  72|0x0000000084800000, 0x0000000084800000, 0x0000000084900000|  0%| F|  |TAMS 0x0000000084800000, 0x0000000084800000| Untracked 
|  73|0x0000000084900000, 0x0000000084900000, 0x0000000084a00000|  0%| F|  |TAMS 0x0000000084900000, 0x0000000084900000| Untracked 
|  74|0x0000000084a00000, 0x0000000084a00000, 0x0000000084b00000|  0%| F|  |TAMS 0x0000000084a00000, 0x0000000084a00000| Untracked 
|  75|0x0000000084b00000, 0x0000000084b00000, 0x0000000084c00000|  0%| F|  |TAMS 0x0000000084b00000, 0x0000000084b00000| Untracked 
|  76|0x0000000084c00000, 0x0000000084c00000, 0x0000000084d00000|  0%| F|  |TAMS 0x0000000084c00000, 0x0000000084c00000| Untracked 
|  77|0x0000000084d00000, 0x0000000084d00000, 0x0000000084e00000|  0%| F|  |TAMS 0x0000000084d00000, 0x0000000084d00000| Untracked 
|  78|0x0000000084e00000, 0x0000000084e00000, 0x0000000084f00000|  0%| F|  |TAMS 0x0000000084e00000, 0x0000000084e00000| Untracked 
|  79|0x0000000084f00000, 0x0000000084f00000, 0x0000000085000000|  0%| F|  |TAMS 0x0000000084f00000, 0x0000000084f00000| Untracked 
|  80|0x0000000085000000, 0x0000000085000000, 0x0000000085100000|  0%| F|  |TAMS 0x0000000085000000, 0x0000000085000000| Untracked 
|  81|0x0000000085100000, 0x0000000085100000, 0x0000000085200000|  0%| F|  |TAMS 0x0000000085100000, 0x0000000085100000| Untracked 
|  82|0x0000000085200000, 0x0000000085200000, 0x0000000085300000|  0%| F|  |TAMS 0x0000000085200000, 0x0000000085200000| Untracked 
|  83|0x0000000085300000, 0x0000000085300000, 0x0000000085400000|  0%| F|  |TAMS 0x0000000085300000, 0x0000000085300000| Untracked 
|  84|0x0000000085400000, 0x0000000085400000, 0x0000000085500000|  0%| F|  |TAMS 0x0000000085400000, 0x0000000085400000| Untracked 
|  85|0x0000000085500000, 0x0000000085500000, 0x0000000085600000|  0%| F|  |TAMS 0x0000000085500000, 0x0000000085500000| Untracked 
|  86|0x0000000085600000, 0x0000000085600000, 0x0000000085700000|  0%| F|  |TAMS 0x0000000085600000, 0x0000000085600000| Untracked 
|  87|0x0000000085700000, 0x0000000085700000, 0x0000000085800000|  0%| F|  |TAMS 0x0000000085700000, 0x0000000085700000| Untracked 
|  88|0x0000000085800000, 0x0000000085800000, 0x0000000085900000|  0%| F|  |TAMS 0x0000000085800000, 0x0000000085800000| Untracked 
|  89|0x0000000085900000, 0x0000000085900000, 0x0000000085a00000|  0%| F|  |TAMS 0x0000000085900000, 0x0000000085900000| Untracked 
|  90|0x0000000085a00000, 0x0000000085a00000, 0x0000000085b00000|  0%| F|  |TAMS 0x0000000085a00000, 0x0000000085a00000| Untracked 
|  91|0x0000000085b00000, 0x0000000085b00000, 0x0000000085c00000|  0%| F|  |TAMS 0x0000000085b00000, 0x0000000085b00000| Untracked 
|  92|0x0000000085c00000, 0x0000000085c00000, 0x0000000085d00000|  0%| F|  |TAMS 0x0000000085c00000, 0x0000000085c00000| Untracked 
|  93|0x0000000085d00000, 0x0000000085d00000, 0x0000000085e00000|  0%| F|  |TAMS 0x0000000085d00000, 0x0000000085d00000| Untracked 
|  94|0x0000000085e00000, 0x0000000085e00000, 0x0000000085f00000|  0%| F|  |TAMS 0x0000000085e00000, 0x0000000085e00000| Untracked 
|  95|0x0000000085f00000, 0x0000000085f00000, 0x0000000086000000|  0%| F|  |TAMS 0x0000000085f00000, 0x0000000085f00000| Untracked 
|  96|0x0000000086000000, 0x0000000086000000, 0x0000000086100000|  0%| F|  |TAMS 0x0000000086000000, 0x0000000086000000| Untracked 
|  97|0x0000000086100000, 0x0000000086100000, 0x0000000086200000|  0%| F|  |TAMS 0x0000000086100000, 0x0000000086100000| Untracked 
|  98|0x0000000086200000, 0x0000000086200000, 0x0000000086300000|  0%| F|  |TAMS 0x0000000086200000, 0x0000000086200000| Untracked 
|  99|0x0000000086300000, 0x0000000086300000, 0x0000000086400000|  0%| F|  |TAMS 0x0000000086300000, 0x0000000086300000| Untracked 
| 100|0x0000000086400000, 0x0000000086400000, 0x0000000086500000|  0%| F|  |TAMS 0x0000000086400000, 0x0000000086400000| Untracked 
| 101|0x0000000086500000, 0x0000000086500000, 0x0000000086600000|  0%| F|  |TAMS 0x0000000086500000, 0x0000000086500000| Untracked 
| 102|0x0000000086600000, 0x0000000086600000, 0x0000000086700000|  0%| F|  |TAMS 0x0000000086600000, 0x0000000086600000| Untracked 
| 103|0x0000000086700000, 0x0000000086700000, 0x0000000086800000|  0%| F|  |TAMS 0x0000000086700000, 0x0000000086700000| Untracked 
| 104|0x0000000086800000, 0x0000000086800000, 0x0000000086900000|  0%| F|  |TAMS 0x0000000086800000, 0x0000000086800000| Untracked 
| 105|0x0000000086900000, 0x0000000086900000, 0x0000000086a00000|  0%| F|  |TAMS 0x0000000086900000, 0x0000000086900000| Untracked 
| 106|0x0000000086a00000, 0x0000000086a00000, 0x0000000086b00000|  0%| F|  |TAMS 0x0000000086a00000, 0x0000000086a00000| Untracked 
| 107|0x0000000086b00000, 0x0000000086b00000, 0x0000000086c00000|  0%| F|  |TAMS 0x0000000086b00000, 0x0000000086b00000| Untracked 
| 108|0x0000000086c00000, 0x0000000086c00000, 0x0000000086d00000|  0%| F|  |TAMS 0x0000000086c00000, 0x0000000086c00000| Untracked 
| 109|0x0000000086d00000, 0x0000000086d00000, 0x0000000086e00000|  0%| F|  |TAMS 0x0000000086d00000, 0x0000000086d00000| Untracked 
| 110|0x0000000086e00000, 0x0000000086e00000, 0x0000000086f00000|  0%| F|  |TAMS 0x0000000086e00000, 0x0000000086e00000| Untracked 
| 111|0x0000000086f00000, 0x0000000086f00000, 0x0000000087000000|  0%| F|  |TAMS 0x0000000086f00000, 0x0000000086f00000| Untracked 
| 112|0x0000000087000000, 0x0000000087000000, 0x0000000087100000|  0%| F|  |TAMS 0x0000000087000000, 0x0000000087000000| Untracked 
| 113|0x0000000087100000, 0x0000000087100000, 0x0000000087200000|  0%| F|  |TAMS 0x0000000087100000, 0x0000000087100000| Untracked 
| 114|0x0000000087200000, 0x0000000087200000, 0x0000000087300000|  0%| F|  |TAMS 0x0000000087200000, 0x0000000087200000| Untracked 
| 115|0x0000000087300000, 0x0000000087300000, 0x0000000087400000|  0%| F|  |TAMS 0x0000000087300000, 0x0000000087300000| Untracked 
| 116|0x0000000087400000, 0x0000000087400000, 0x0000000087500000|  0%| F|  |TAMS 0x0000000087400000, 0x0000000087400000| Untracked 
| 117|0x0000000087500000, 0x0000000087500000, 0x0000000087600000|  0%| F|  |TAMS 0x0000000087500000, 0x0000000087500000| Untracked 
| 118|0x0000000087600000, 0x0000000087600000, 0x0000000087700000|  0%| F|  |TAMS 0x0000000087600000, 0x0000000087600000| Untracked 
| 119|0x0000000087700000, 0x0000000087700000, 0x0000000087800000|  0%| F|  |TAMS 0x0000000087700000, 0x0000000087700000| Untracked 
| 120|0x0000000087800000, 0x0000000087800000, 0x0000000087900000|  0%| F|  |TAMS 0x0000000087800000, 0x0000000087800000| Untracked 
| 121|0x0000000087900000, 0x0000000087900000, 0x0000000087a00000|  0%| F|  |TAMS 0x0000000087900000, 0x0000000087900000| Untracked 
| 122|0x0000000087a00000, 0x0000000087a00000, 0x0000000087b00000|  0%| F|  |TAMS 0x0000000087a00000, 0x0000000087a00000| Untracked 
| 123|0x0000000087b00000, 0x0000000087b00000, 0x0000000087c00000|  0%| F|  |TAMS 0x0000000087b00000, 0x0000000087b00000| Untracked 
| 124|0x0000000087c00000, 0x0000000087c00000, 0x0000000087d00000|  0%| F|  |TAMS 0x0000000087c00000, 0x0000000087c00000| Untracked 
| 125|0x0000000087d00000, 0x0000000087d00000, 0x0000000087e00000|  0%| F|  |TAMS 0x0000000087d00000, 0x0000000087d00000| Untracked 
| 126|0x0000000087e00000, 0x0000000087e00000, 0x0000000087f00000|  0%| F|  |TAMS 0x0000000087e00000, 0x0000000087e00000| Untracked 
| 127|0x0000000087f00000, 0x0000000087fe46e8, 0x0000000088000000| 89%| S|CS|TAMS 0x0000000087f00000, 0x0000000087f00000| Complete 
| 128|0x0000000088000000, 0x0000000088100000, 0x0000000088100000|100%| S|CS|TAMS 0x0000000088000000, 0x0000000088000000| Complete 
| 129|0x0000000088100000, 0x0000000088200000, 0x0000000088200000|100%| S|CS|TAMS 0x0000000088100000, 0x0000000088100000| Complete 
| 130|0x0000000088200000, 0x0000000088300000, 0x0000000088300000|100%| S|CS|TAMS 0x0000000088200000, 0x0000000088200000| Complete 
| 131|0x0000000088300000, 0x0000000088400000, 0x0000000088400000|100%| S|CS|TAMS 0x0000000088300000, 0x0000000088300000| Complete 
| 132|0x0000000088400000, 0x0000000088500000, 0x0000000088500000|100%| S|CS|TAMS 0x0000000088400000, 0x0000000088400000| Complete 
| 133|0x0000000088500000, 0x0000000088600000, 0x0000000088600000|100%| S|CS|TAMS 0x0000000088500000, 0x0000000088500000| Complete 
| 134|0x0000000088600000, 0x0000000088700000, 0x0000000088700000|100%| S|CS|TAMS 0x0000000088600000, 0x0000000088600000| Complete 
| 135|0x0000000088700000, 0x0000000088800000, 0x0000000088800000|100%| S|CS|TAMS 0x0000000088700000, 0x0000000088700000| Complete 
| 136|0x0000000088800000, 0x0000000088900000, 0x0000000088900000|100%| S|CS|TAMS 0x0000000088800000, 0x0000000088800000| Complete 
| 137|0x0000000088900000, 0x0000000088a00000, 0x0000000088a00000|100%| S|CS|TAMS 0x0000000088900000, 0x0000000088900000| Complete 
| 138|0x0000000088a00000, 0x0000000088b00000, 0x0000000088b00000|100%| S|CS|TAMS 0x0000000088a00000, 0x0000000088a00000| Complete 
| 139|0x0000000088b00000, 0x0000000088c00000, 0x0000000088c00000|100%| S|CS|TAMS 0x0000000088b00000, 0x0000000088b00000| Complete 
| 140|0x0000000088c00000, 0x0000000088c00000, 0x0000000088d00000|  0%| F|  |TAMS 0x0000000088c00000, 0x0000000088c00000| Untracked 
| 141|0x0000000088d00000, 0x0000000088d00000, 0x0000000088e00000|  0%| F|  |TAMS 0x0000000088d00000, 0x0000000088d00000| Untracked 
| 142|0x0000000088e00000, 0x0000000088e00000, 0x0000000088f00000|  0%| F|  |TAMS 0x0000000088e00000, 0x0000000088e00000| Untracked 
| 143|0x0000000088f00000, 0x0000000088f00000, 0x0000000089000000|  0%| F|  |TAMS 0x0000000088f00000, 0x0000000088f00000| Untracked 
| 144|0x0000000089000000, 0x0000000089000000, 0x0000000089100000|  0%| F|  |TAMS 0x0000000089000000, 0x0000000089000000| Untracked 
| 145|0x0000000089100000, 0x0000000089100000, 0x0000000089200000|  0%| F|  |TAMS 0x0000000089100000, 0x0000000089100000| Untracked 
| 146|0x0000000089200000, 0x0000000089200000, 0x0000000089300000|  0%| F|  |TAMS 0x0000000089200000, 0x0000000089200000| Untracked 
| 147|0x0000000089300000, 0x0000000089300000, 0x0000000089400000|  0%| F|  |TAMS 0x0000000089300000, 0x0000000089300000| Untracked 
| 148|0x0000000089400000, 0x0000000089400000, 0x0000000089500000|  0%| F|  |TAMS 0x0000000089400000, 0x0000000089400000| Untracked 
| 149|0x0000000089500000, 0x0000000089500000, 0x0000000089600000|  0%| F|  |TAMS 0x0000000089500000, 0x0000000089500000| Untracked 
| 150|0x0000000089600000, 0x0000000089600000, 0x0000000089700000|  0%| F|  |TAMS 0x0000000089600000, 0x0000000089600000| Untracked 
| 151|0x0000000089700000, 0x0000000089700000, 0x0000000089800000|  0%| F|  |TAMS 0x0000000089700000, 0x0000000089700000| Untracked 
| 152|0x0000000089800000, 0x0000000089800000, 0x0000000089900000|  0%| F|  |TAMS 0x0000000089800000, 0x0000000089800000| Untracked 
| 153|0x0000000089900000, 0x0000000089900000, 0x0000000089a00000|  0%| F|  |TAMS 0x0000000089900000, 0x0000000089900000| Untracked 
| 154|0x0000000089a00000, 0x0000000089a00000, 0x0000000089b00000|  0%| F|  |TAMS 0x0000000089a00000, 0x0000000089a00000| Untracked 
| 155|0x0000000089b00000, 0x0000000089b00000, 0x0000000089c00000|  0%| F|  |TAMS 0x0000000089b00000, 0x0000000089b00000| Untracked 
| 156|0x0000000089c00000, 0x0000000089c00000, 0x0000000089d00000|  0%| F|  |TAMS 0x0000000089c00000, 0x0000000089c00000| Untracked 
| 157|0x0000000089d00000, 0x0000000089d00000, 0x0000000089e00000|  0%| F|  |TAMS 0x0000000089d00000, 0x0000000089d00000| Untracked 
| 158|0x0000000089e00000, 0x0000000089e00000, 0x0000000089f00000|  0%| F|  |TAMS 0x0000000089e00000, 0x0000000089e00000| Untracked 
| 159|0x0000000089f00000, 0x0000000089f00000, 0x000000008a000000|  0%| F|  |TAMS 0x0000000089f00000, 0x0000000089f00000| Untracked 
| 160|0x000000008a000000, 0x000000008a000000, 0x000000008a100000|  0%| F|  |TAMS 0x000000008a000000, 0x000000008a000000| Untracked 
| 161|0x000000008a100000, 0x000000008a100000, 0x000000008a200000|  0%| F|  |TAMS 0x000000008a100000, 0x000000008a100000| Untracked 
| 162|0x000000008a200000, 0x000000008a200000, 0x000000008a300000|  0%| F|  |TAMS 0x000000008a200000, 0x000000008a200000| Untracked 
| 163|0x000000008a300000, 0x000000008a300000, 0x000000008a400000|  0%| F|  |TAMS 0x000000008a300000, 0x000000008a300000| Untracked 
| 164|0x000000008a400000, 0x000000008a400000, 0x000000008a500000|  0%| F|  |TAMS 0x000000008a400000, 0x000000008a400000| Untracked 
| 165|0x000000008a500000, 0x000000008a500000, 0x000000008a600000|  0%| F|  |TAMS 0x000000008a500000, 0x000000008a500000| Untracked 
| 166|0x000000008a600000, 0x000000008a600000, 0x000000008a700000|  0%| F|  |TAMS 0x000000008a600000, 0x000000008a600000| Untracked 
| 167|0x000000008a700000, 0x000000008a700000, 0x000000008a800000|  0%| F|  |TAMS 0x000000008a700000, 0x000000008a700000| Untracked 
| 168|0x000000008a800000, 0x000000008a800000, 0x000000008a900000|  0%| F|  |TAMS 0x000000008a800000, 0x000000008a800000| Untracked 
| 169|0x000000008a900000, 0x000000008a900000, 0x000000008aa00000|  0%| F|  |TAMS 0x000000008a900000, 0x000000008a900000| Untracked 
| 170|0x000000008aa00000, 0x000000008aa00000, 0x000000008ab00000|  0%| F|  |TAMS 0x000000008aa00000, 0x000000008aa00000| Untracked 
| 171|0x000000008ab00000, 0x000000008ab00000, 0x000000008ac00000|  0%| F|  |TAMS 0x000000008ab00000, 0x000000008ab00000| Untracked 
| 172|0x000000008ac00000, 0x000000008ac00000, 0x000000008ad00000|  0%| F|  |TAMS 0x000000008ac00000, 0x000000008ac00000| Untracked 
| 173|0x000000008ad00000, 0x000000008ad00000, 0x000000008ae00000|  0%| F|  |TAMS 0x000000008ad00000, 0x000000008ad00000| Untracked 
| 174|0x000000008ae00000, 0x000000008ae00000, 0x000000008af00000|  0%| F|  |TAMS 0x000000008ae00000, 0x000000008ae00000| Untracked 
| 175|0x000000008af00000, 0x000000008af00000, 0x000000008b000000|  0%| F|  |TAMS 0x000000008af00000, 0x000000008af00000| Untracked 
| 176|0x000000008b000000, 0x000000008b000000, 0x000000008b100000|  0%| F|  |TAMS 0x000000008b000000, 0x000000008b000000| Untracked 
| 177|0x000000008b100000, 0x000000008b100000, 0x000000008b200000|  0%| F|  |TAMS 0x000000008b100000, 0x000000008b100000| Untracked 
| 178|0x000000008b200000, 0x000000008b200000, 0x000000008b300000|  0%| F|  |TAMS 0x000000008b200000, 0x000000008b200000| Untracked 
| 179|0x000000008b300000, 0x000000008b300000, 0x000000008b400000|  0%| F|  |TAMS 0x000000008b300000, 0x000000008b300000| Untracked 
| 180|0x000000008b400000, 0x000000008b400000, 0x000000008b500000|  0%| F|  |TAMS 0x000000008b400000, 0x000000008b400000| Untracked 
| 181|0x000000008b500000, 0x000000008b500000, 0x000000008b600000|  0%| F|  |TAMS 0x000000008b500000, 0x000000008b500000| Untracked 
| 182|0x000000008b600000, 0x000000008b600000, 0x000000008b700000|  0%| F|  |TAMS 0x000000008b600000, 0x000000008b600000| Untracked 
| 183|0x000000008b700000, 0x000000008b700000, 0x000000008b800000|  0%| F|  |TAMS 0x000000008b700000, 0x000000008b700000| Untracked 
| 184|0x000000008b800000, 0x000000008b800000, 0x000000008b900000|  0%| F|  |TAMS 0x000000008b800000, 0x000000008b800000| Untracked 
| 185|0x000000008b900000, 0x000000008b900000, 0x000000008ba00000|  0%| F|  |TAMS 0x000000008b900000, 0x000000008b900000| Untracked 
| 186|0x000000008ba00000, 0x000000008ba00000, 0x000000008bb00000|  0%| F|  |TAMS 0x000000008ba00000, 0x000000008ba00000| Untracked 
| 187|0x000000008bb00000, 0x000000008bb00000, 0x000000008bc00000|  0%| F|  |TAMS 0x000000008bb00000, 0x000000008bb00000| Untracked 
| 188|0x000000008bc00000, 0x000000008bc00000, 0x000000008bd00000|  0%| F|  |TAMS 0x000000008bc00000, 0x000000008bc00000| Untracked 
| 189|0x000000008bd00000, 0x000000008bd00000, 0x000000008be00000|  0%| F|  |TAMS 0x000000008bd00000, 0x000000008bd00000| Untracked 
| 190|0x000000008be00000, 0x000000008be00000, 0x000000008bf00000|  0%| F|  |TAMS 0x000000008be00000, 0x000000008be00000| Untracked 
| 191|0x000000008bf00000, 0x000000008bf00000, 0x000000008c000000|  0%| F|  |TAMS 0x000000008bf00000, 0x000000008bf00000| Untracked 
| 192|0x000000008c000000, 0x000000008c000000, 0x000000008c100000|  0%| F|  |TAMS 0x000000008c000000, 0x000000008c000000| Untracked 
| 193|0x000000008c100000, 0x000000008c100000, 0x000000008c200000|  0%| F|  |TAMS 0x000000008c100000, 0x000000008c100000| Untracked 
| 194|0x000000008c200000, 0x000000008c200000, 0x000000008c300000|  0%| F|  |TAMS 0x000000008c200000, 0x000000008c200000| Untracked 
| 195|0x000000008c300000, 0x000000008c300000, 0x000000008c400000|  0%| F|  |TAMS 0x000000008c300000, 0x000000008c300000| Untracked 
| 196|0x000000008c400000, 0x000000008c400000, 0x000000008c500000|  0%| F|  |TAMS 0x000000008c400000, 0x000000008c400000| Untracked 
| 197|0x000000008c500000, 0x000000008c500000, 0x000000008c600000|  0%| F|  |TAMS 0x000000008c500000, 0x000000008c500000| Untracked 
| 198|0x000000008c600000, 0x000000008c600000, 0x000000008c700000|  0%| F|  |TAMS 0x000000008c600000, 0x000000008c600000| Untracked 
| 199|0x000000008c700000, 0x000000008c700000, 0x000000008c800000|  0%| F|  |TAMS 0x000000008c700000, 0x000000008c700000| Untracked 
| 200|0x000000008c800000, 0x000000008c800000, 0x000000008c900000|  0%| F|  |TAMS 0x000000008c800000, 0x000000008c800000| Untracked 
| 201|0x000000008c900000, 0x000000008c9d8188, 0x000000008ca00000| 84%| E|  |TAMS 0x000000008c900000, 0x000000008c900000| Complete 
| 202|0x000000008ca00000, 0x000000008cb00000, 0x000000008cb00000|100%| E|CS|TAMS 0x000000008ca00000, 0x000000008ca00000| Complete 
| 203|0x000000008cb00000, 0x000000008cc00000, 0x000000008cc00000|100%| E|CS|TAMS 0x000000008cb00000, 0x000000008cb00000| Complete 
| 204|0x000000008cc00000, 0x000000008cd00000, 0x000000008cd00000|100%| E|CS|TAMS 0x000000008cc00000, 0x000000008cc00000| Complete 
| 205|0x000000008cd00000, 0x000000008ce00000, 0x000000008ce00000|100%| E|CS|TAMS 0x000000008cd00000, 0x000000008cd00000| Complete 
| 206|0x000000008ce00000, 0x000000008cf00000, 0x000000008cf00000|100%| E|CS|TAMS 0x000000008ce00000, 0x000000008ce00000| Complete 
| 207|0x000000008cf00000, 0x000000008d000000, 0x000000008d000000|100%| E|CS|TAMS 0x000000008cf00000, 0x000000008cf00000| Complete 
| 208|0x000000008d000000, 0x000000008d100000, 0x000000008d100000|100%| E|CS|TAMS 0x000000008d000000, 0x000000008d000000| Complete 
| 209|0x000000008d100000, 0x000000008d200000, 0x000000008d200000|100%| E|CS|TAMS 0x000000008d100000, 0x000000008d100000| Complete 
| 210|0x000000008d200000, 0x000000008d300000, 0x000000008d300000|100%| E|CS|TAMS 0x000000008d200000, 0x000000008d200000| Complete 
| 211|0x000000008d300000, 0x000000008d400000, 0x000000008d400000|100%| E|CS|TAMS 0x000000008d300000, 0x000000008d300000| Complete 
| 212|0x000000008d400000, 0x000000008d500000, 0x000000008d500000|100%| E|CS|TAMS 0x000000008d400000, 0x000000008d400000| Complete 
| 213|0x000000008d500000, 0x000000008d600000, 0x000000008d600000|100%| E|CS|TAMS 0x000000008d500000, 0x000000008d500000| Complete 
| 214|0x000000008d600000, 0x000000008d700000, 0x000000008d700000|100%| E|CS|TAMS 0x000000008d600000, 0x000000008d600000| Complete 
| 215|0x000000008d700000, 0x000000008d800000, 0x000000008d800000|100%| E|CS|TAMS 0x000000008d700000, 0x000000008d700000| Complete 
| 216|0x000000008d800000, 0x000000008d900000, 0x000000008d900000|100%| E|CS|TAMS 0x000000008d800000, 0x000000008d800000| Complete 
| 217|0x000000008d900000, 0x000000008da00000, 0x000000008da00000|100%| E|CS|TAMS 0x000000008d900000, 0x000000008d900000| Complete 
| 218|0x000000008da00000, 0x000000008db00000, 0x000000008db00000|100%| E|CS|TAMS 0x000000008da00000, 0x000000008da00000| Complete 
| 219|0x000000008db00000, 0x000000008dc00000, 0x000000008dc00000|100%| E|CS|TAMS 0x000000008db00000, 0x000000008db00000| Complete 
| 220|0x000000008dc00000, 0x000000008dd00000, 0x000000008dd00000|100%| E|CS|TAMS 0x000000008dc00000, 0x000000008dc00000| Complete 
| 221|0x000000008dd00000, 0x000000008de00000, 0x000000008de00000|100%| E|CS|TAMS 0x000000008dd00000, 0x000000008dd00000| Complete 
| 222|0x000000008de00000, 0x000000008df00000, 0x000000008df00000|100%| E|CS|TAMS 0x000000008de00000, 0x000000008de00000| Complete 
| 223|0x000000008df00000, 0x000000008e000000, 0x000000008e000000|100%| E|CS|TAMS 0x000000008df00000, 0x000000008df00000| Complete 
| 224|0x000000008e000000, 0x000000008e100000, 0x000000008e100000|100%| E|CS|TAMS 0x000000008e000000, 0x000000008e000000| Complete 
| 225|0x000000008e100000, 0x000000008e200000, 0x000000008e200000|100%| E|CS|TAMS 0x000000008e100000, 0x000000008e100000| Complete 
| 226|0x000000008e200000, 0x000000008e300000, 0x000000008e300000|100%| E|CS|TAMS 0x000000008e200000, 0x000000008e200000| Complete 
| 227|0x000000008e300000, 0x000000008e400000, 0x000000008e400000|100%| E|CS|TAMS 0x000000008e300000, 0x000000008e300000| Complete 
| 228|0x000000008e400000, 0x000000008e500000, 0x000000008e500000|100%| E|CS|TAMS 0x000000008e400000, 0x000000008e400000| Complete 
| 229|0x000000008e500000, 0x000000008e600000, 0x000000008e600000|100%| E|CS|TAMS 0x000000008e500000, 0x000000008e500000| Complete 
| 230|0x000000008e600000, 0x000000008e700000, 0x000000008e700000|100%| E|CS|TAMS 0x000000008e600000, 0x000000008e600000| Complete 
| 231|0x000000008e700000, 0x000000008e800000, 0x000000008e800000|100%| E|CS|TAMS 0x000000008e700000, 0x000000008e700000| Complete 
| 232|0x000000008e800000, 0x000000008e900000, 0x000000008e900000|100%| E|CS|TAMS 0x000000008e800000, 0x000000008e800000| Complete 
| 233|0x000000008e900000, 0x000000008ea00000, 0x000000008ea00000|100%| E|CS|TAMS 0x000000008e900000, 0x000000008e900000| Complete 
| 234|0x000000008ea00000, 0x000000008eb00000, 0x000000008eb00000|100%| E|CS|TAMS 0x000000008ea00000, 0x000000008ea00000| Complete 
| 235|0x000000008eb00000, 0x000000008ec00000, 0x000000008ec00000|100%| E|CS|TAMS 0x000000008eb00000, 0x000000008eb00000| Complete 
| 236|0x000000008ec00000, 0x000000008ed00000, 0x000000008ed00000|100%| E|CS|TAMS 0x000000008ec00000, 0x000000008ec00000| Complete 
| 237|0x000000008ed00000, 0x000000008ee00000, 0x000000008ee00000|100%| E|CS|TAMS 0x000000008ed00000, 0x000000008ed00000| Complete 
| 238|0x000000008ee00000, 0x000000008ef00000, 0x000000008ef00000|100%| E|CS|TAMS 0x000000008ee00000, 0x000000008ee00000| Complete 
| 239|0x000000008ef00000, 0x000000008f000000, 0x000000008f000000|100%| E|CS|TAMS 0x000000008ef00000, 0x000000008ef00000| Complete 
| 240|0x000000008f000000, 0x000000008f100000, 0x000000008f100000|100%| E|CS|TAMS 0x000000008f000000, 0x000000008f000000| Complete 
| 241|0x000000008f100000, 0x000000008f200000, 0x000000008f200000|100%| E|CS|TAMS 0x000000008f100000, 0x000000008f100000| Complete 
| 242|0x000000008f200000, 0x000000008f300000, 0x000000008f300000|100%| E|CS|TAMS 0x000000008f200000, 0x000000008f200000| Complete 
| 243|0x000000008f300000, 0x000000008f400000, 0x000000008f400000|100%| E|CS|TAMS 0x000000008f300000, 0x000000008f300000| Complete 
| 244|0x000000008f400000, 0x000000008f500000, 0x000000008f500000|100%| E|CS|TAMS 0x000000008f400000, 0x000000008f400000| Complete 
| 245|0x000000008f500000, 0x000000008f600000, 0x000000008f600000|100%| E|CS|TAMS 0x000000008f500000, 0x000000008f500000| Complete 
| 246|0x000000008f600000, 0x000000008f700000, 0x000000008f700000|100%| E|CS|TAMS 0x000000008f600000, 0x000000008f600000| Complete 
| 247|0x000000008f700000, 0x000000008f800000, 0x000000008f800000|100%| E|CS|TAMS 0x000000008f700000, 0x000000008f700000| Complete 
| 248|0x000000008f800000, 0x000000008f900000, 0x000000008f900000|100%| E|CS|TAMS 0x000000008f800000, 0x000000008f800000| Complete 
| 249|0x000000008f900000, 0x000000008fa00000, 0x000000008fa00000|100%| E|CS|TAMS 0x000000008f900000, 0x000000008f900000| Complete 
| 250|0x000000008fa00000, 0x000000008fb00000, 0x000000008fb00000|100%| E|CS|TAMS 0x000000008fa00000, 0x000000008fa00000| Complete 
| 251|0x000000008fb00000, 0x000000008fc00000, 0x000000008fc00000|100%| E|CS|TAMS 0x000000008fb00000, 0x000000008fb00000| Complete 
| 252|0x000000008fc00000, 0x000000008fd00000, 0x000000008fd00000|100%| E|CS|TAMS 0x000000008fc00000, 0x000000008fc00000| Complete 
| 253|0x000000008fd00000, 0x000000008fe00000, 0x000000008fe00000|100%| E|CS|TAMS 0x000000008fd00000, 0x000000008fd00000| Complete 

Card table byte_map: [0x0000026d8f400000,0x0000026d8f800000] _byte_map_base: 0x0000026d8f000000

Marking Bits (Prev, Next): (CMBitMap*) 0x0000026df7564e08, (CMBitMap*) 0x0000026df7564e40
 Prev Bits: [0x0000026d8fc00000, 0x0000026d91c00000)
 Next Bits: [0x0000026d91c00000, 0x0000026d93c00000)

Polling page: 0x0000026df6cf0000

Metaspace:

Usage:
  Non-class:     41.17 MB capacity,    40.44 MB ( 98%) used,   622.69 KB (  1%) free+waste,   128.13 KB ( <1%) overhead. 
      Class:      6.46 MB capacity,     5.96 MB ( 92%) used,   449.02 KB (  7%) free+waste,    63.00 KB ( <1%) overhead. 
       Both:     47.63 MB capacity,    46.40 MB ( 97%) used,     1.05 MB (  2%) free+waste,   191.13 KB ( <1%) overhead. 

Virtual space:
  Non-class space:       42.00 MB reserved,      41.33 MB ( 98%) committed 
      Class space:      504.00 MB reserved,       6.50 MB (  1%) committed 
             Both:      546.00 MB reserved,      47.83 MB (  9%) committed 

Chunk freelists:
   Non-Class:  32.00 KB
       Class:  10.00 KB
        Both:  42.00 KB

MaxMetaspaceSize: 512.00 MB
CompressedClassSpaceSize: 504.00 MB
Initial GC threshold: 20.80 MB
Current GC threshold: 58.88 MB
CDS: off

CodeHeap 'non-profiled nmethods': size=120000Kb used=2731Kb max_used=2731Kb free=117268Kb
 bounds [0x0000026d87ad0000, 0x0000026d87d80000, 0x0000026d8f000000]
CodeHeap 'profiled nmethods': size=120000Kb used=9055Kb max_used=9055Kb free=110944Kb
 bounds [0x0000026d805a0000, 0x0000026d80e80000, 0x0000026d87ad0000]
CodeHeap 'non-nmethods': size=5760Kb used=2299Kb max_used=2352Kb free=3460Kb
 bounds [0x0000026d80000000, 0x0000026d80270000, 0x0000026d805a0000]
 total_blobs=5110 nmethods=4324 adapters=697
 compilation: enabled
              stopped_count=0, restarted_count=0
 full_count=0

Compilation events (20 events):
Event: 36.159 Thread 0x0000026d96f11000 4322       1       org.gradle.internal.operations.BuildOperationDescriptor::getParentId (5 bytes)
Event: 36.159 Thread 0x0000026d96f11000 nmethod 4322 0x0000026d87d78d90 code [0x0000026d87d78f40, 0x0000026d87d78ff8]
Event: 36.165 Thread 0x0000026d96f11000 4323       3       jdk.internal.reflect.ClassFileAssembler::emitConstantPoolClass (23 bytes)
Event: 36.165 Thread 0x0000026d96f11000 nmethod 4323 0x0000026d80e6fb10 code [0x0000026d80e6fd20, 0x0000026d80e70148]
Event: 36.167 Thread 0x0000026d96f11000 4325       3       sun.reflect.generics.repository.GenericDeclRepository::<init> (7 bytes)
Event: 36.167 Thread 0x0000026d96f11000 nmethod 4325 0x0000026d80e70390 code [0x0000026d80e70560, 0x0000026d80e708a8]
Event: 36.172 Thread 0x0000026d96f11000 4326       3       org.gradle.internal.service.DefaultServiceRegistry$ManagedObjectServiceProvider::setInstance (18 bytes)
Event: 36.172 Thread 0x0000026d96f11000 nmethod 4326 0x0000026d80e70990 code [0x0000026d80e70b60, 0x0000026d80e70d28]
Event: 36.172 Thread 0x0000026d96f11000 4327       3       org.gradle.internal.service.DefaultServiceRegistry::findProviderMethods (203 bytes)
Event: 36.173 Thread 0x0000026d96f0f800 nmethod 4318 0x0000026d87d79090 code [0x0000026d87d79280, 0x0000026d87d7a238]
Event: 36.173 Thread 0x0000026d96f0f800 4329       4       org.gradle.internal.service.DefaultServiceRegistry$OwnServices::getService (309 bytes)
Event: 36.174 Thread 0x0000026d96f11000 nmethod 4327 0x0000026d80e70e10 code [0x0000026d80e71400, 0x0000026d80e749b8]
Event: 36.174 Thread 0x0000026d96f11000 4330       3       java.util.regex.Pattern$$Lambda$13/0x0000000100090040::is (13 bytes)
Event: 36.174 Thread 0x0000026d96f11000 nmethod 4330 0x0000026d80e75b10 code [0x0000026d80e75ce0, 0x0000026d80e75f38]
Event: 36.174 Thread 0x0000026d96f11000 4328       3       org.gradle.internal.service.RelevantMethods::getMethods (35 bytes)
Event: 36.174 Thread 0x0000026d96f11000 nmethod 4328 0x0000026d80e76010 code [0x0000026d80e76260, 0x0000026d80e76848]
Event: 36.176 Thread 0x0000026d96f11000 4331       1       org.gradle.api.attributes.Attribute::hashCode (5 bytes)
Event: 36.176 Thread 0x0000026d96f11000 nmethod 4331 0x0000026d87d7a990 code [0x0000026d87d7ab40, 0x0000026d87d7abf8]
Event: 36.179 Thread 0x0000026d96f11000 4332  s    3       java.io.FileDescriptor::attach (73 bytes)
Event: 36.179 Thread 0x0000026d96f11000 nmethod 4332 0x0000026d80e76a90 code [0x0000026d80e76d00, 0x0000026d80e77a18]

GC Heap History (10 events):
Event: 2.204 GC heap before
{Heap before GC invocations=0 (full 0):
 garbage-first heap   total 260096K, used 29696K [0x0000000080000000, 0x0000000100000000)
  region size 1024K, 24 young (24576K), 0 survivors (0K)
 Metaspace       used 10068K, capacity 10278K, committed 10368K, reserved 526336K
  class space    used 1022K, capacity 1107K, committed 1152K, reserved 516096K
}
Event: 2.512 GC heap after
{Heap after GC invocations=1 (full 0):
 garbage-first heap   total 260096K, used 9532K [0x0000000080000000, 0x0000000100000000)
  region size 1024K, 3 young (3072K), 3 survivors (3072K)
 Metaspace       used 10068K, capacity 10278K, committed 10368K, reserved 526336K
  class space    used 1022K, capacity 1107K, committed 1152K, reserved 516096K
}
Event: 8.644 GC heap before
{Heap before GC invocations=1 (full 0):
 garbage-first heap   total 260096K, used 103740K [0x0000000080000000, 0x0000000100000000)
  region size 1024K, 96 young (98304K), 3 survivors (3072K)
 Metaspace       used 20717K, capacity 21143K, committed 21296K, reserved 536576K
  class space    used 2483K, capacity 2628K, committed 2688K, reserved 516096K
}
Event: 8.685 GC heap after
{Heap after GC invocations=2 (full 0):
 garbage-first heap   total 260096K, used 17397K [0x0000000080000000, 0x0000000100000000)
  region size 1024K, 11 young (11264K), 11 survivors (11264K)
 Metaspace       used 20717K, capacity 21143K, committed 21296K, reserved 536576K
  class space    used 2483K, capacity 2628K, committed 2688K, reserved 516096K
}
Event: 10.736 GC heap before
{Heap before GC invocations=3 (full 0):
 garbage-first heap   total 260096K, used 78837K [0x0000000080000000, 0x0000000100000000)
  region size 1024K, 71 young (72704K), 11 survivors (11264K)
 Metaspace       used 26974K, capacity 27593K, committed 27696K, reserved 540672K
  class space    used 3481K, capacity 3703K, committed 3712K, reserved 516096K
}
Event: 10.747 GC heap after
{Heap after GC invocations=4 (full 0):
 garbage-first heap   total 260096K, used 19208K [0x0000000080000000, 0x0000000100000000)
  region size 1024K, 3 young (3072K), 3 survivors (3072K)
 Metaspace       used 26974K, capacity 27593K, committed 27696K, reserved 540672K
  class space    used 3481K, capacity 3703K, committed 3712K, reserved 516096K
}
Event: 12.679 GC heap before
{Heap before GC invocations=4 (full 0):
 garbage-first heap   total 260096K, used 76552K [0x0000000080000000, 0x0000000100000000)
  region size 1024K, 60 young (61440K), 3 survivors (3072K)
 Metaspace       used 35044K, capacity 35799K, committed 35920K, reserved 548864K
  class space    used 4496K, capacity 4822K, committed 4864K, reserved 516096K
}
Event: 12.693 GC heap after
{Heap after GC invocations=5 (full 0):
 garbage-first heap   total 260096K, used 22078K [0x0000000080000000, 0x0000000100000000)
  region size 1024K, 6 young (6144K), 6 survivors (6144K)
 Metaspace       used 35044K, capacity 35799K, committed 35920K, reserved 548864K
  class space    used 4496K, capacity 4822K, committed 4864K, reserved 516096K
}
Event: 33.601 GC heap before
{Heap before GC invocations=6 (full 0):
 garbage-first heap   total 260096K, used 135742K [0x0000000080000000, 0x0000000100000000)
  region size 1024K, 114 young (116736K), 6 survivors (6144K)
 Metaspace       used 43456K, capacity 44644K, committed 44880K, reserved 557056K
  class space    used 5435K, capacity 5879K, committed 5888K, reserved 516096K
}
Event: 33.616 GC heap after
{Heap after GC invocations=7 (full 0):
 garbage-first heap   total 260096K, used 29847K [0x0000000080000000, 0x0000000100000000)
  region size 1024K, 13 young (13312K), 13 survivors (13312K)
 Metaspace       used 43456K, capacity 44644K, committed 44880K, reserved 557056K
  class space    used 5435K, capacity 5879K, committed 5888K, reserved 516096K
}

Deoptimization events (20 events):
Event: 35.737 Thread 0x0000026d97e30000 DEOPT PACKING pc=0x0000026d87bab090 sp=0x000000ec3b6f7840
Event: 35.737 Thread 0x0000026d97e30000 DEOPT UNPACKING pc=0x0000026d800085af sp=0x000000ec3b6f7778 mode 2
Event: 35.737 Thread 0x0000026d97e30000 Uncommon trap: trap_request=0xffffff4d fr.pc=0x0000026d87b96604 relative=0x00000000000001c4
Event: 35.737 Thread 0x0000026d97e30000 Uncommon trap: reason=unstable_if action=reinterpret pc=0x0000026d87b96604 method=java.util.HashMap.getNode(ILjava/lang/Object;)Ljava/util/HashMap$Node; @ 53 c2
Event: 35.737 Thread 0x0000026d97e30000 DEOPT PACKING pc=0x0000026d87b96604 sp=0x000000ec3b6f77c0
Event: 35.737 Thread 0x0000026d97e30000 DEOPT UNPACKING pc=0x0000026d800085af sp=0x000000ec3b6f7748 mode 2
Event: 35.737 Thread 0x0000026d97e30000 Uncommon trap: trap_request=0xffffff4d fr.pc=0x0000026d87c4e890 relative=0x0000000000000710
Event: 35.737 Thread 0x0000026d97e30000 Uncommon trap: reason=unstable_if action=reinterpret pc=0x0000026d87c4e890 method=java.util.HashMap.putVal(ILjava/lang/Object;Ljava/lang/Object;ZZ)Ljava/lang/Object; @ 85 c2
Event: 35.737 Thread 0x0000026d97e30000 DEOPT PACKING pc=0x0000026d87c4e890 sp=0x000000ec3b6f7800
Event: 35.737 Thread 0x0000026d97e30000 DEOPT UNPACKING pc=0x0000026d800085af sp=0x000000ec3b6f7730 mode 2
Event: 35.742 Thread 0x0000026d97e30000 Uncommon trap: trap_request=0xffffff4d fr.pc=0x0000026d87c116f8 relative=0x0000000000000318
Event: 35.742 Thread 0x0000026d97e30000 Uncommon trap: reason=unstable_if action=reinterpret pc=0x0000026d87c116f8 method=org.gradle.internal.reflect.PropertyAccessorType.isGetGetterName(Ljava/lang/String;)Z @ 14 c2
Event: 35.742 Thread 0x0000026d97e30000 DEOPT PACKING pc=0x0000026d87c116f8 sp=0x000000ec3b6f8320
Event: 35.742 Thread 0x0000026d97e30000 DEOPT UNPACKING pc=0x0000026d800085af sp=0x000000ec3b6f8278 mode 2
Event: 35.830 Thread 0x0000026d97e30000 Uncommon trap: trap_request=0xffffff4d fr.pc=0x0000026d87c0ad08 relative=0x00000000000000e8
Event: 35.830 Thread 0x0000026d97e30000 Uncommon trap: reason=unstable_if action=reinterpret pc=0x0000026d87c0ad08 method=org.objectweb.asm.ByteVector.putShort(I)Lorg/objectweb/asm/ByteVector; @ 13 c2
Event: 35.830 Thread 0x0000026d97e30000 DEOPT PACKING pc=0x0000026d87c0ad08 sp=0x000000ec3b6f7dc0
Event: 35.830 Thread 0x0000026d97e30000 DEOPT UNPACKING pc=0x0000026d800085af sp=0x000000ec3b6f7d58 mode 2
Event: 36.177 Thread 0x0000026d97e30000 DEOPT PACKING pc=0x0000026d80c4ec74 sp=0x000000ec3b6f9290
Event: 36.178 Thread 0x0000026d97e30000 DEOPT UNPACKING pc=0x0000026d80049d0e sp=0x000000ec3b6f8830 mode 0

Classes redefined (0 events):
No events

Internal exceptions (20 events):
Event: 32.440 Thread 0x0000026d97e30000 Exception <a 'java/lang/ClassNotFoundException'{0x000000008ad7f258}: org/gradle/internal/logging/slf4j/OutputEventListenerBackedLoggerCustomizer> (0x000000008ad7f258) thrown at [./src/hotspot/share/classfile/systemDictionary.cpp, line 230]
Event: 32.452 Thread 0x0000026d97e30000 Exception <a 'java/lang/ClassNotFoundException'{0x000000008aad3720}: org/codehaus/groovy/runtime/NullObjectBeanInfo> (0x000000008aad3720) thrown at [./src/hotspot/share/classfile/systemDictionary.cpp, line 230]
Event: 32.455 Thread 0x0000026d97e30000 Exception <a 'java/lang/ClassNotFoundException'{0x000000008a7886c0}: org/codehaus/groovy/runtime/NullObjectCustomizer> (0x000000008a7886c0) thrown at [./src/hotspot/share/classfile/systemDictionary.cpp, line 230]
Event: 32.489 Thread 0x0000026d97e30000 Implicit null exception at 0x0000026d87c183ec to 0x0000026d87c18494
Event: 32.491 Thread 0x0000026d97e30000 Exception <a 'java/lang/ClassNotFoundException'{0x000000008a6e83f0}: java/io/FileBeanInfo> (0x000000008a6e83f0) thrown at [./src/hotspot/share/classfile/systemDictionary.cpp, line 230]
Event: 32.491 Thread 0x0000026d97e30000 Exception <a 'java/lang/ClassNotFoundException'{0x000000008a6edc90}: java/io/FileCustomizer> (0x000000008a6edc90) thrown at [./src/hotspot/share/classfile/systemDictionary.cpp, line 230]
Event: 32.663 Thread 0x0000026d97e30000 Exception <a 'java/lang/NoSuchMethodError'{0x000000008a12ad58}: 'java.lang.Object java.lang.invoke.DirectMethodHandle$Holder.invokeSpecial(java.lang.Object, java.lang.Object, java.lang.Object, java.lang.Object, java.lang.Object, java.lang.Object, java.lang.Object, java.lang.Object, java.lang.Object, java.lang.Object)'> (0x000000008a12ad58) thrown at [./src/hotspot/share/interpreter/linkResolver.cpp, line 773]
Event: 32.664 Thread 0x0000026d97e30000 Exception <a 'java/lang/NoSuchMethodError'{0x000000008a133488}: 'java.lang.Object java.lang.invoke.Invokers$Holder.invoker(java.lang.Object, java.lang.Object, java.lang.Object, java.lang.Object, java.lang.Object, java.lang.Object, java.lang.Object, java.lang.Object, java.lang.Object)'> (0x000000008a133488) thrown at [./src/hotspot/share/interpreter/linkResolver.cpp, line 773]
Event: 32.703 Thread 0x0000026d97e30000 Exception <a 'java/lang/NoSuchMethodError'{0x000000008a0a95d8}: 'java.lang.Object java.lang.invoke.DelegatingMethodHandle$Holder.reinvoke_L(java.lang.Object, java.lang.Object, java.lang.Object, java.lang.Object, java.lang.Object, java.lang.Object, java.lang.Object, java.lang.Object, java.lang.Object, java.lang.Object, java.lang.Object, java.lang.Object, java.lang.Object, java.lang.Object, java.lang.Object, java.lang.Object, java.lang.Object, java.lang.Object, java.lang.Object, java.lang.Object, java.lang.O
Event: 32.704 Thread 0x0000026d97e30000 Exception <a 'java/lang/NoSuchMethodError'{0x000000008a0b4f90}: 'java.lang.Object java.lang.invoke.Invokers$Holder.invoker(java.lang.Object, java.lang.Object, java.lang.Object, java.lang.Object, java.lang.Object, java.lang.Object, java.lang.Object, java.lang.Object, java.lang.Object, java.lang.Object, java.lang.Object, java.lang.Object, java.lang.Object, java.lang.Object, java.lang.Object, java.lang.Object, java.lang.Object, java.lang.Object, java.lang.Object, java.lang.Object, java.lang.Object)'> (0x00000
Event: 32.704 Thread 0x0000026d97e30000 Exception <a 'java/lang/NoSuchMethodError'{0x000000008a0bbfb8}: 'java.lang.Object java.lang.invoke.DelegatingMethodHandle$Holder.delegate(java.lang.Object, java.lang.Object, java.lang.Object, java.lang.Object, java.lang.Object, java.lang.Object, java.lang.Object, java.lang.Object, java.lang.Object, java.lang.Object, java.lang.Object, java.lang.Object, java.lang.Object, java.lang.Object, java.lang.Object, java.lang.Object, java.lang.Object, java.lang.Object, java.lang.Object, java.lang.Object, java.lang.Obj
Event: 32.714 Thread 0x0000026d97e30000 Exception <a 'java/lang/NoSuchMethodError'{0x0000000089f050e0}: 'java.lang.Object java.lang.invoke.DirectMethodHandle$Holder.invokeStatic(java.lang.Object, java.lang.Object, java.lang.Object, java.lang.Object, java.lang.Object, java.lang.Object, java.lang.Object, java.lang.Object, java.lang.Object, java.lang.Object, java.lang.Object, java.lang.Object, java.lang.Object, java.lang.Object, java.lang.Object)'> (0x0000000089f050e0) thrown at [./src/hotspot/share/interpreter/linkResolver.cpp, line 773]
Event: 32.715 Thread 0x0000026d97e30000 Exception <a 'java/lang/NoSuchMethodError'{0x0000000089f15470}: 'java.lang.Object java.lang.invoke.DirectMethodHandle$Holder.invokeStatic(java.lang.Object, java.lang.Object, java.lang.Object, java.lang.Object, java.lang.Object, java.lang.Object, java.lang.Object, java.lang.Object, java.lang.Object, java.lang.Object, java.lang.Object, java.lang.Object, java.lang.Object, java.lang.Object, java.lang.Object, java.lang.Object)'> (0x0000000089f15470) thrown at [./src/hotspot/share/interpreter/linkResolver.cpp, l
Event: 32.717 Thread 0x0000026d97e30000 Exception <a 'java/lang/NoSuchMethodError'{0x0000000089f25710}: 'java.lang.Object java.lang.invoke.DelegatingMethodHandle$Holder.reinvoke_L(java.lang.Object, java.lang.Object, java.lang.Object, java.lang.Object, java.lang.Object, java.lang.Object, java.lang.Object, java.lang.Object, java.lang.Object, java.lang.Object, java.lang.Object, java.lang.Object, java.lang.Object, java.lang.Object, java.lang.Object, java.lang.Object, java.lang.Object, java.lang.Object, java.lang.Object, java.lang.Object)'> (0x000000
Event: 33.024 Thread 0x0000026d97e30000 Exception <a 'java/lang/IncompatibleClassChangeError'{0x0000000089216178}: Found class java.lang.Object, but interface was expected> (0x0000000089216178) thrown at [./src/hotspot/share/interpreter/linkResolver.cpp, line 839]
Event: 33.478 Thread 0x0000026d97e30000 Exception <a 'java/lang/IncompatibleClassChangeError'{0x0000000088c10dd0}: Found class java.lang.Object, but interface was expected> (0x0000000088c10dd0) thrown at [./src/hotspot/share/interpreter/linkResolver.cpp, line 839]
Event: 33.657 Thread 0x0000026d97e30000 Exception <a 'java/lang/NoSuchMethodError'{0x000000008fc958a8}: 'int java.lang.invoke.DirectMethodHandle$Holder.invokeStaticInit(java.lang.Object, java.lang.Object, java.lang.Object, java.lang.Object, java.lang.Object)'> (0x000000008fc958a8) thrown at [./src/hotspot/share/interpreter/linkResolver.cpp, line 773]
Event: 34.585 Thread 0x0000026d97e30000 Exception <a 'java/lang/NoSuchMethodError'{0x000000008ed9c678}: 'void java.lang.invoke.DirectMethodHandle$Holder.invokeInterface(java.lang.Object, java.lang.Object)'> (0x000000008ed9c678) thrown at [./src/hotspot/share/interpreter/linkResolver.cpp, line 773]
Event: 34.662 Thread 0x0000026d97e30000 Exception <a 'java/lang/NoSuchMethodError'{0x000000008ea294a0}: 'java.lang.Object java.lang.invoke.DirectMethodHandle$Holder.invokeStatic(java.lang.Object, int, java.lang.Object)'> (0x000000008ea294a0) thrown at [./src/hotspot/share/interpreter/linkResolver.cpp, line 773]
Event: 35.737 Thread 0x0000026d97e30000 Implicit null exception at 0x0000026d87baae74 to 0x0000026d87bab084

Events (20 events):
Event: 36.164 loading class org/gradle/api/Action done
Event: 36.167 loading class org/gradle/nativeplatform/internal/CompilerOutputFileNamingScheme
Event: 36.167 loading class org/gradle/nativeplatform/internal/CompilerOutputFileNamingScheme done
Event: 36.169 loading class org/gradle/internal/service/scopes/ProjectBackedPropertyHost
Event: 36.169 loading class org/gradle/internal/service/scopes/ProjectBackedPropertyHost done
Event: 36.170 loading class org/gradle/internal/service/scopes/ProjectScopeServices$ProjectBackedModuleMetaDataProvider
Event: 36.170 loading class org/gradle/internal/service/scopes/ProjectScopeServices$ProjectBackedModuleMetaDataProvider done
Event: 36.171 loading class org/gradle/internal/service/scopes/ProjectScopeServices$ScriptScopedContext
Event: 36.171 loading class org/gradle/internal/service/scopes/ProjectScopeServices$ScriptScopedContext done
Event: 36.176 loading class org/gradle/api/internal/project/ProjectInternal
Event: 36.176 loading class org/gradle/api/internal/project/ProjectInternal done
Event: 36.176 loading class org/gradle/configuration/ScriptPlugin
Event: 36.176 loading class org/gradle/configuration/ScriptPlugin done
Event: 36.315 loading class org/gradle/internal/cleanup/DefaultBuildOutputCleanupRegistry
Event: 36.315 loading class org/gradle/internal/cleanup/DefaultBuildOutputCleanupRegistry done
Event: 36.316 loading class java/util/Collections$SingletonMap
Event: 36.316 loading class java/util/Collections$SingletonMap done
Event: 36.317 loading class org/gradle/internal/execution/history/impl/DefaultOutputFilesRepository
Event: 36.317 loading class org/gradle/internal/execution/history/impl/DefaultOutputFilesRepository done
Event: 36.318 Thread 0x0000026d9b852800 Thread added: 0x0000026d9b852800


Dynamic libraries:
0x00007ff78c8f0000 - 0x00007ff78c8fd000 	C:\Program Files\Microsoft\jdk-11.0.18.10-hotspot\bin\java.exe
0x00007ffacfed0000 - 0x00007ffad00e7000 	C:\WINDOWS\SYSTEM32\ntdll.dll
0x00007ffacf3c0000 - 0x00007ffacf484000 	C:\WINDOWS\System32\KERNEL32.DLL
0x00007ffacd800000 - 0x00007ffacdba6000 	C:\WINDOWS\System32\KERNELBASE.dll
0x00007ffacd410000 - 0x00007ffacd521000 	C:\WINDOWS\System32\ucrtbase.dll
0x00007ffab6ca0000 - 0x00007ffab6cb7000 	C:\Program Files\Microsoft\jdk-11.0.18.10-hotspot\bin\jli.dll
0x00007ffab6f00000 - 0x00007ffab6f15000 	C:\Program Files\Microsoft\jdk-11.0.18.10-hotspot\bin\VCRUNTIME140.dll
0x00007ffacfce0000 - 0x00007ffacfe8d000 	C:\WINDOWS\System32\USER32.dll
0x00007ffacd250000 - 0x00007ffacd276000 	C:\WINDOWS\System32\win32u.dll
0x00007fface410000 - 0x00007fface439000 	C:\WINDOWS\System32\GDI32.dll
0x00007ffab7630000 - 0x00007ffab78c3000 	C:\WINDOWS\WinSxS\amd64_microsoft.windows.common-controls_6595b64144ccf1df_6.0.22621.2361_none_2712ced57382f843\COMCTL32.dll
0x00007ffacd2f0000 - 0x00007ffacd408000 	C:\WINDOWS\System32\gdi32full.dll
0x00007ffacf6c0000 - 0x00007ffacf767000 	C:\WINDOWS\System32\msvcrt.dll
0x00007ffacd530000 - 0x00007ffacd5ca000 	C:\WINDOWS\System32\msvcp_win.dll
0x00007ffacde90000 - 0x00007ffacdec1000 	C:\WINDOWS\System32\IMM32.DLL
0x00007ffa93430000 - 0x00007ffa934cb000 	C:\Program Files\Microsoft\jdk-11.0.18.10-hotspot\bin\msvcp140.dll
0x00007ffa5e690000 - 0x00007ffa5f222000 	C:\Program Files\Microsoft\jdk-11.0.18.10-hotspot\bin\server\jvm.dll
0x00007ffacf310000 - 0x00007ffacf3c0000 	C:\WINDOWS\System32\ADVAPI32.dll
0x00007fface8d0000 - 0x00007fface976000 	C:\WINDOWS\System32\sechost.dll
0x00007ffacf4b0000 - 0x00007ffacf5c7000 	C:\WINDOWS\System32\RPCRT4.dll
0x00007ffacddf0000 - 0x00007ffacddf8000 	C:\WINDOWS\System32\PSAPI.DLL
0x00007ffab6730000 - 0x00007ffab6739000 	C:\WINDOWS\SYSTEM32\WSOCK32.dll
0x00007ffacf780000 - 0x00007ffacf7f1000 	C:\WINDOWS\System32\WS2_32.dll
0x00007ffac3c40000 - 0x00007ffac3c74000 	C:\WINDOWS\SYSTEM32\WINMM.dll
0x00007ffac1580000 - 0x00007ffac158a000 	C:\WINDOWS\SYSTEM32\VERSION.dll
0x00007ffacc320000 - 0x00007ffacc338000 	C:\WINDOWS\SYSTEM32\kernel.appcore.dll
0x00007ffab6d00000 - 0x00007ffab6d10000 	C:\Program Files\Microsoft\jdk-11.0.18.10-hotspot\bin\verify.dll
0x00007ffacabe0000 - 0x00007ffacae0e000 	C:\WINDOWS\SYSTEM32\DBGHELP.DLL
0x00007fface540000 - 0x00007fface8ca000 	C:\WINDOWS\System32\combase.dll
0x00007fface980000 - 0x00007ffacea57000 	C:\WINDOWS\System32\OLEAUT32.dll
0x00007ffab1850000 - 0x00007ffab1882000 	C:\WINDOWS\SYSTEM32\dbgcore.DLL
0x00007ffacdbb0000 - 0x00007ffacdc2a000 	C:\WINDOWS\System32\bcryptPrimitives.dll
0x00007ffaad770000 - 0x00007ffaad798000 	C:\Program Files\Microsoft\jdk-11.0.18.10-hotspot\bin\java.dll
0x00007ffab6c90000 - 0x00007ffab6c9a000 	C:\Program Files\Microsoft\jdk-11.0.18.10-hotspot\bin\jimage.dll
0x00007ffab6be0000 - 0x00007ffab6bf8000 	C:\Program Files\Microsoft\jdk-11.0.18.10-hotspot\bin\zip.dll
0x00007ffaceab0000 - 0x00007ffacf308000 	C:\WINDOWS\System32\SHELL32.dll
0x00007ffacb060000 - 0x00007ffacb952000 	C:\WINDOWS\SYSTEM32\windows.storage.dll
0x00007ffacb990000 - 0x00007ffacbace000 	C:\WINDOWS\SYSTEM32\wintypes.dll
0x00007fface440000 - 0x00007fface533000 	C:\WINDOWS\System32\SHCORE.dll
0x00007ffacfc80000 - 0x00007ffacfcde000 	C:\WINDOWS\System32\shlwapi.dll
0x00007ffacd180000 - 0x00007ffacd1a6000 	C:\WINDOWS\SYSTEM32\profapi.dll
0x00007ffaa86d0000 - 0x00007ffaa86e9000 	C:\Program Files\Microsoft\jdk-11.0.18.10-hotspot\bin\net.dll
0x00007ffac5450000 - 0x00007ffac5587000 	C:\WINDOWS\SYSTEM32\WINHTTP.dll
0x00007ffacc800000 - 0x00007ffacc869000 	C:\WINDOWS\system32\mswsock.dll
0x00007ffaa8500000 - 0x00007ffaa8513000 	C:\Program Files\Microsoft\jdk-11.0.18.10-hotspot\bin\nio.dll
0x00007ffaa5cb0000 - 0x00007ffaa5cd7000 	C:\Users\updap\.gradle\native\e1d6ef7f7dcc3fd88c89a11ec53ec762bb8ba0a96d01ffa2cd45eb1d1d8dd5c5\windows-amd64\native-platform.dll
0x00007ffa8a330000 - 0x00007ffa8a474000 	C:\Users\updap\.gradle\native\0d407fdbe67a94daf76414ababcb853783967236a71b16ec16e742cd7a986fd3\windows-amd64\native-platform-file-events.dll
0x00007ffab6aa0000 - 0x00007ffab6aa9000 	C:\Program Files\Microsoft\jdk-11.0.18.10-hotspot\bin\management.dll
0x00007ffab6760000 - 0x00007ffab676b000 	C:\Program Files\Microsoft\jdk-11.0.18.10-hotspot\bin\management_ext.dll
0x00007ffacca50000 - 0x00007ffacca6b000 	C:\WINDOWS\SYSTEM32\CRYPTSP.dll
0x00007ffacc2e0000 - 0x00007ffacc315000 	C:\WINDOWS\system32\rsaenh.dll
0x00007ffacc8f0000 - 0x00007ffacc91c000 	C:\WINDOWS\SYSTEM32\USERENV.dll
0x00007ffaccc10000 - 0x00007ffaccc38000 	C:\WINDOWS\SYSTEM32\bcrypt.dll
0x00007ffacca70000 - 0x00007ffacca7c000 	C:\WINDOWS\SYSTEM32\CRYPTBASE.dll
0x00007ffacbd90000 - 0x00007ffacbdbd000 	C:\WINDOWS\SYSTEM32\IPHLPAPI.DLL
0x00007ffacf5d0000 - 0x00007ffacf5d9000 	C:\WINDOWS\System32\NSI.dll
0x00007ffac3e80000 - 0x00007ffac3e99000 	C:\WINDOWS\SYSTEM32\dhcpcsvc6.DLL
0x00007ffac3c00000 - 0x00007ffac3c1f000 	C:\WINDOWS\SYSTEM32\dhcpcsvc.DLL
0x00007ffacbe00000 - 0x00007ffacbef9000 	C:\WINDOWS\SYSTEM32\DNSAPI.dll

dbghelp: loaded successfully - version: 4.0.5 - missing functions: none
symbol engine: initialized successfully - sym options: 0x614 - pdb path: .;C:\Program Files\Microsoft\jdk-11.0.18.10-hotspot\bin;C:\WINDOWS\SYSTEM32;C:\WINDOWS\WinSxS\amd64_microsoft.windows.common-controls_6595b64144ccf1df_6.0.22621.2361_none_2712ced57382f843;C:\Program Files\Microsoft\jdk-11.0.18.10-hotspot\bin\server;C:\Users\updap\.gradle\native\e1d6ef7f7dcc3fd88c89a11ec53ec762bb8ba0a96d01ffa2cd45eb1d1d8dd5c5\windows-amd64;C:\Users\updap\.gradle\native\0d407fdbe67a94daf76414ababcb853783967236a71b16ec16e742cd7a986fd3\windows-amd64

VM Arguments:
jvm_args: -XX:MaxMetaspaceSize=512m --add-opens=java.base/java.util=ALL-UNNAMED --add-opens=java.base/java.lang=ALL-UNNAMED --add-opens=java.base/java.lang.invoke=ALL-UNNAMED --add-opens=java.base/java.util=ALL-UNNAMED --add-opens=java.prefs/java.util.prefs=ALL-UNNAMED --add-opens=java.prefs/java.util.prefs=ALL-UNNAMED --add-opens=java.base/java.nio.charset=ALL-UNNAMED --add-opens=java.base/java.net=ALL-UNNAMED --add-opens=java.base/java.util.concurrent.atomic=ALL-UNNAMED -Xmx2048m -Dfile.encoding=windows-1252 -Duser.country=IN -Duser.language=en -Duser.variant 
java_command: org.gradle.launcher.daemon.bootstrap.GradleDaemon 7.5.1
java_class_path (initial): C:\Users\updap\.gradle\wrapper\dists\gradle-7.5.1-all\1ehga6e77gqps5uk2kc5kf1vc\gradle-7.5.1\lib\gradle-launcher-7.5.1.jar
Launcher Type: SUN_STANDARD

[Global flags]
     intx CICompilerCount                          = 4                                         {product} {ergonomic}
   size_t CompressedClassSpaceSize                 = 528482304                                 {product} {ergonomic}
     uint ConcGCThreads                            = 2                                         {product} {ergonomic}
     uint G1ConcRefinementThreads                  = 8                                         {product} {ergonomic}
   size_t G1HeapRegionSize                         = 1048576                                   {product} {ergonomic}
    uintx GCDrainStackTargetSize                   = 64                                        {product} {ergonomic}
   size_t InitialHeapSize                          = 266338304                                 {product} {ergonomic}
   size_t MarkStackSize                            = 4194304                                   {product} {ergonomic}
   size_t MaxHeapSize                              = 2147483648                                {product} {command line}
   size_t MaxMetaspaceSize                         = 536870912                                 {product} {command line}
   size_t MaxNewSize                               = 1287651328                                {product} {ergonomic}
   size_t MinHeapDeltaBytes                        = 1048576                                   {product} {ergonomic}
    uintx NonNMethodCodeHeapSize                   = 5836300                                {pd product} {ergonomic}
    uintx NonProfiledCodeHeapSize                  = 122910970                              {pd product} {ergonomic}
    uintx ProfiledCodeHeapSize                     = 122910970                              {pd product} {ergonomic}
    uintx ReservedCodeCacheSize                    = 251658240                              {pd product} {ergonomic}
     bool SegmentedCodeCache                       = true                                      {product} {ergonomic}
     bool UseCompressedClassPointers               = true                                 {lp64_product} {ergonomic}
     bool UseCompressedOops                        = true                                 {lp64_product} {ergonomic}
     bool UseG1GC                                  = true                                      {product} {ergonomic}
     bool UseLargePagesIndividualAllocation        = false                                  {pd product} {ergonomic}

Logging:
Log output configuration:
 #0: stdout all=warning uptime,level,tags
 #1: stderr all=off uptime,level,tags

Environment Variables:
JAVA_HOME=C:\Program Files\Microsoft\jdk-11.0.18.10-hotspot
CLASSPATH=D:\My-personal\vym-mobile-app\FacebookClone\android\\gradle\wrapper\gradle-wrapper.jar
PATH=D:\My-personal\vym-mobile-app\FacebookClone\android\node_modules\.bin;D:\My-personal\vym-mobile-app\FacebookClone\node_modules\.bin;D:\My-personal\vym-mobile-app\node_modules\.bin;D:\My-personal\node_modules\.bin;D:\node_modules\.bin;C:\Program Files\nodejs;D:\My-personal\vym-mobile-app\FacebookClone\node_modules\.bin;D:\My-personal\vym-mobile-app\node_modules\.bin;D:\My-personal\node_modules\.bin;D:\node_modules\.bin;C:\Users\updap\AppData\Roaming\nvm\v16.20.0\node_modules\npm\node_modules\@npmcli\run-script\lib\node-gyp-bin;C:\Python312\Scripts\;C:\Python312\;C:\Program Files\Common Files\Oracle\Java\javapath;C:\Program Files\Microsoft\jdk-11.0.18.10-hotspot\bin;C:\WINDOWS\system32;C:\WINDOWS;C:\WINDOWS\System32\Wbem;C:\WINDOWS\System32\WindowsPowerShell\v1.0\;C:\WINDOWS\System32\OpenSSH\;C:\Program Files\Git\cmd;C:\Users\updap\AppData\Roaming\nvm;C:\Program Files\nodejs;C:\ProgramData\chocolatey\bin;D:\sonarqube-10.1.0.73491\sonar-scanner-4.7.0.2747-windows\bin;D:\sonarqube-10.1.0.73491\bin\windows-x86-64\StartSonar.bat;C:\Program Files\nodejs\;C:\Users\updap\AppData\Local\Android\Sdk\tools;C:\Users\updap\AppData\Local\Microsoft\WindowsApps;C:\Users\updap\AppData\Local\Programs\Microsoft VS Code\bin;C:\Users\updap\AppData\Roaming\nvm;C:\Program Files\nodejs;C:\Users\updap\AppData\Local\Android\Sdk\platform-tools;D:\sonarqube-10.1.0.73491\sonar-scanner-4.7.0.2747-windows\bin;D:\sonarqube-10.1.0.73491\bin\windows-x86-64\StartSonar.bat;C:\Users\updap\AppData\Roaming\npm
USERNAME=updap
LANG=en_US.UTF-8
OS=Windows_NT
PROCESSOR_IDENTIFIER=Intel64 Family 6 Model 140 Stepping 2, GenuineIntel
TMP=C:\Users\updap\AppData\Local\Temp
TEMP=C:\Users\updap\AppData\Local\Temp



---------------  S Y S T E M  ---------------

OS: Windows 11 , 64 bit Build 22621 (10.0.22621.2428)
OS uptime: 17 days 8:29 hours

CPU:total 8 (initial active 8) (4 cores per cpu, 2 threads per core) family 6 model 140 stepping 2 microcode 0x22, cmov, cx8, fxsr, mmx, sse, sse2, sse3, ssse3, sse4.1, sse4.2, popcnt, avx, avx2, aes, clmul, erms, 3dnowpref, lzcnt, ht, tsc, tscinvbit, bmi1, bmi2, adx, evex, sha, fma

Memory: 4k page, system-wide physical 16167M (768M free)
TotalPageFile size 34917M (AvailPageFile size 20M)
current process WorkingSet (physical memory assigned to process): 304M, peak: 307M
current process commit charge ("private bytes"): 456M, peak: 458M

vm_info: OpenJDK 64-Bit Server VM (11.0.18+10-LTS) for windows-amd64 JRE (11.0.18+10-LTS), built on Jan 18 2023 15:56:47 by "MicrosoftCorporation" with MS VC++ 15.9 (VS2017)

END.
